Generated at 2024-09-14 21:58:30 +0000
NoMethodError: undefined method `docker_image' for cookbook: web_app_docker, recipe: default :Chef::Recipe
/home/ec2-user/chef-repo/.chef/local-mode-cache/cache/cookbooks/web_app_docker/recipes/default.rb:21:in `from_file'
/opt/chef-workstation/embedded/lib/ruby/gems/2.6.0/gems/chef-15.0.300/lib/chef/mixin/from_file.rb:34:in `instance_eval'
/opt/chef-workstation/embedded/lib/ruby/gems/2.6.0/gems/chef-15.0.300/lib/chef/mixin/from_file.rb:34:in `from_file'
/opt/chef-workstation/embedded/lib/ruby/gems/2.6.0/gems/chef-15.0.300/lib/chef/cookbook_version.rb:199:in `load_recipe'
/opt/chef-workstation/embedded/lib/ruby/gems/2.6.0/gems/chef-15.0.300/lib/chef/run_context.rb:362:in `load_recipe'
/opt/chef-workstation/embedded/lib/ruby/gems/2.6.0/gems/chef-15.0.300/lib/chef/run_context/cookbook_compiler.rb:166:in `block in compile_recipes'
/opt/chef-workstation/embedded/lib/ruby/gems/2.6.0/gems/chef-15.0.300/lib/chef/run_context/cookbook_compiler.rb:163:in `each'
/opt/chef-workstation/embedded/lib/ruby/gems/2.6.0/gems/chef-15.0.300/lib/chef/run_context/cookbook_compiler.rb:163:in `compile_recipes'
/opt/chef-workstation/embedded/lib/ruby/gems/2.6.0/gems/chef-15.0.300/lib/chef/run_context/cookbook_compiler.rb:79:in `compile'
/opt/chef-workstation/embedded/lib/ruby/gems/2.6.0/gems/chef-15.0.300/lib/chef/run_context.rb:212:in `load'
/opt/chef-workstation/embedded/lib/ruby/gems/2.6.0/gems/chef-15.0.300/lib/chef/policy_builder/expand_node_object.rb:103:in `setup_run_context'
/opt/chef-workstation/embedded/lib/ruby/2.6.0/forwardable.rb:230:in `setup_run_context'
/opt/chef-workstation/embedded/lib/ruby/gems/2.6.0/gems/chef-15.0.300/lib/chef/client.rb:488:in `setup_run_context'
/opt/chef-workstation/embedded/lib/ruby/gems/2.6.0/gems/chef-15.0.300/lib/chef/client.rb:285:in `run'
/opt/chef-workstation/embedded/lib/ruby/gems/2.6.0/gems/chef-15.0.300/lib/chef/application.rb:314:in `run_with_graceful_exit_option'
/opt/chef-workstation/embedded/lib/ruby/gems/2.6.0/gems/chef-15.0.300/lib/chef/application.rb:290:in `block in run_chef_client'
/opt/chef-workstation/embedded/lib/ruby/gems/2.6.0/gems/chef-15.0.300/lib/chef/local_mode.rb:41:in `with_server_connectivity'
/opt/chef-workstation/embedded/lib/ruby/gems/2.6.0/gems/chef-15.0.300/lib/chef/application.rb:273:in `run_chef_client'
/opt/chef-workstation/embedded/lib/ruby/gems/2.6.0/gems/chef-15.0.300/lib/chef/application/client.rb:447:in `run_application'
/opt/chef-workstation/embedded/lib/ruby/gems/2.6.0/gems/chef-15.0.300/lib/chef/application.rb:69:in `run'
/opt/chef-workstation/embedded/lib/ruby/gems/2.6.0/gems/chef-bin-15.0.300/bin/chef-client:25:in `<top (required)>'
/bin/chef-client:317:in `load'
/bin/chef-client:317:in `<main>'